<?xml version="1.0" encoding="UTF-8"?>
<!-- Generated by org.testng.reporters.JUnitXMLReporter -->
<testsuite hostname="IND-5CG6191Y3W" ignored="15" name="Default test" tests="5" failures="1" timestamp="2020-05-26T15:52:19 IST" time="119.678" errors="0">
  <testcase name="verifyClickingTheWebinars" time="119.562" classname="com.OSMOSE.testcases.OULogin">
    <failure type="org.openqa.selenium.NoSuchElementException" message="no such element: Unable to locate element: {&amp;quot;method&amp;quot;:&amp;quot;xpath&amp;quot;,&amp;quot;selector&amp;quot;:&amp;quot;//*[@id=&amp;quot;btnWebinars&amp;quot;]&amp;quot;}
  (Session info: chrome=81.0.4044.129)
For documentation on this error, please visit: http://seleniumhq.org/exceptions/no_such_element.html
Build info: version: &amp;apos;3.14.0&amp;apos;, revision: &amp;apos;aacccce0&amp;apos;, time: &amp;apos;2018-08-02T20:19:58.91Z&amp;apos;
System info: host: &amp;apos;IND-5CG6191Y3W&amp;apos;, ip: &amp;apos;192.168.56.1&amp;apos;, os.name: &amp;apos;Windows 10&amp;apos;, os.arch: &amp;apos;amd64&amp;apos;, os.version: &amp;apos;10.0&amp;apos;, java.version: &amp;apos;1.8.0_161&amp;apos;
Driver info: org.openqa.selenium.chrome.ChromeDriver
Capabilities {acceptInsecureCerts: false, browserName: chrome, browserVersion: 81.0.4044.129, chrome: {chromedriverVersion: 81.0.4044.69 (6813546031a4b..., userDataDir: C:\Windows\Temp\scoped_dir1...}, goog:chromeOptions: {debuggerAddress: localhost:53400}, javascriptEnabled: true, networkConnectionEnabled: false, pageLoadStrategy: none, platform: WINDOWS, platformName: WINDOWS, proxy: Proxy(), setWindowRect: true, strictFileInteractability: false, timeouts: {implicit: 0, pageLoad: 300000, script: 30000}, unhandledPromptBehavior: dismiss and notify, webauthn:virtualAuthenticators: true}
Session ID: 6b5a9b50d805eb1303d85b3eeaa0c271
*** Element info: {Using=xpath, value=//*[@id=&amp;quot;btnWebinars&amp;quot;]}">
      <![CDATA[org.openqa.selenium.NoSuchElementException: no such element: Unable to locate element: {"method":"xpath","selector":"//*[@id="btnWebinars"]"}
  (Session info: chrome=81.0.4044.129)
For documentation on this error, please visit: http://seleniumhq.org/exceptions/no_such_element.html
Build info: version: '3.14.0', revision: 'aacccce0', time: '2018-08-02T20:19:58.91Z'
System info: host: 'IND-5CG6191Y3W', ip: '192.168.56.1', os.name: 'Windows 10', os.arch: 'amd64', os.version: '10.0', java.version: '1.8.0_161'
Driver info: org.openqa.selenium.chrome.ChromeDriver
Capabilities {acceptInsecureCerts: false, browserName: chrome, browserVersion: 81.0.4044.129, chrome: {chromedriverVersion: 81.0.4044.69 (6813546031a4b..., userDataDir: C:\Windows\Temp\scoped_dir1...}, goog:chromeOptions: {debuggerAddress: localhost:53400}, javascriptEnabled: true, networkConnectionEnabled: false, pageLoadStrategy: none, platform: WINDOWS, platformName: WINDOWS, proxy: Proxy(), setWindowRect: true, strictFileInteractability: false, timeouts: {implicit: 0, pageLoad: 300000, script: 30000}, unhandledPromptBehavior: dismiss and notify, webauthn:virtualAuthenticators: true}
Session ID: 6b5a9b50d805eb1303d85b3eeaa0c271
*** Element info: {Using=xpath, value=//*[@id="btnWebinars"]}
at sun.reflect.NativeConstructorAccessorImpl.newInstance0(Native Method)
at sun.reflect.NativeConstructorAccessorImpl.newInstance(Unknown Source)
at sun.reflect.DelegatingConstructorAccessorImpl.newInstance(Unknown Source)
at java.lang.reflect.Constructor.newInstance(Unknown Source)
at org.openqa.selenium.remote.http.W3CHttpResponseCodec.createException(W3CHttpResponseCodec.java:187)
at org.openqa.selenium.remote.http.W3CHttpResponseCodec.decode(W3CHttpResponseCodec.java:122)
at org.openqa.selenium.remote.http.W3CHttpResponseCodec.decode(W3CHttpResponseCodec.java:49)
at org.openqa.selenium.remote.HttpCommandExecutor.execute(HttpCommandExecutor.java:158)
at org.openqa.selenium.remote.service.DriverCommandExecutor.execute(DriverCommandExecutor.java:83)
at org.openqa.selenium.remote.RemoteWebDriver.execute(RemoteWebDriver.java:548)
at org.openqa.selenium.remote.RemoteWebDriver.findElement(RemoteWebDriver.java:322)
at org.openqa.selenium.remote.RemoteWebDriver.findElementByXPath(RemoteWebDriver.java:424)
at org.openqa.selenium.By$ByXPath.findElement(By.java:353)
at org.openqa.selenium.remote.RemoteWebDriver.findElement(RemoteWebDriver.java:314)
at com.OSMOSE.base.Page.click(Page.java:180)
at com.OSMOSE.pages.OU.HomeOU.clickWebinars(HomeOU.java:50)
at com.OSMOSE.testcases.OULogin.verifyClickingTheWebinars(OULogin.java:118)
at sun.reflect.NativeMethodAccessorImpl.invoke0(Native Method)
at sun.reflect.NativeMethodAccessorImpl.invoke(Unknown Source)
at sun.reflect.DelegatingMethodAccessorImpl.invoke(Unknown Source)
at java.lang.reflect.Method.invoke(Unknown Source)
at org.testng.internal.MethodInvocationHelper.invokeMethod(MethodInvocationHelper.java:134)
at org.testng.internal.TestInvoker.invokeMethod(TestInvoker.java:597)
at org.testng.internal.TestInvoker.invokeTestMethod(TestInvoker.java:173)
at org.testng.internal.MethodRunner.runInSequence(MethodRunner.java:46)
at org.testng.internal.TestInvoker$MethodInvocationAgent.invoke(TestInvoker.java:816)
at org.testng.internal.TestInvoker.invokeTestMethods(TestInvoker.java:146)
at org.testng.internal.TestMethodWorker.invokeTestMethods(TestMethodWorker.java:146)
at org.testng.internal.TestMethodWorker.run(TestMethodWorker.java:128)
at java.util.ArrayList.forEach(Unknown Source)
at org.testng.TestRunner.privateRun(TestRunner.java:766)
at org.testng.TestRunner.run(TestRunner.java:587)
at org.testng.SuiteRunner.runTest(SuiteRunner.java:384)
at org.testng.SuiteRunner.runSequentially(SuiteRunner.java:378)
at org.testng.SuiteRunner.privateRun(SuiteRunner.java:337)
at org.testng.SuiteRunner.run(SuiteRunner.java:286)
at org.testng.SuiteRunnerWorker.runSuite(SuiteRunnerWorker.java:53)
at org.testng.SuiteRunnerWorker.run(SuiteRunnerWorker.java:96)
at org.testng.TestNG.runSuitesSequentially(TestNG.java:1187)
at org.testng.TestNG.runSuitesLocally(TestNG.java:1109)
at org.testng.TestNG.runSuites(TestNG.java:1039)
at org.testng.TestNG.run(TestNG.java:1007)
at org.testng.remote.AbstractRemoteTestNG.run(AbstractRemoteTestNG.java:115)
at org.testng.remote.RemoteTestNG.initAndRun(RemoteTestNG.java:251)
at org.testng.remote.RemoteTestNG.main(RemoteTestNG.java:77)
]]>
    </failure>
  </testcase> <!-- verifyClickingTheWebinars -->
  <testcase name="verifySteelStructuresProtected" time="0.0" classname="com.OSMOSE.testcases.OULogin">
    <skipped/>
  </testcase> <!-- verifySteelStructuresProtected -->
  <testcase name="verifyContactAndStray" time="0.0" classname="com.OSMOSE.testcases.OULogin">
    <skipped/>
  </testcase> <!-- verifyContactAndStray -->
  <testcase name="steelStructuresProtectedMOREINFOREGISTRATION" time="0.0" classname="com.OSMOSE.testcases.OULogin">
    <skipped/>
  </testcase> <!-- steelStructuresProtectedMOREINFOREGISTRATION -->
  <testcase name="ContactAndStrayMOREINFOREGISTRATION" time="0.0" classname="com.OSMOSE.testcases.OULogin">
    <skipped/>
  </testcase> <!-- ContactAndStrayMOREINFOREGISTRATION -->
  <testcase name="verifyDETAILSANDREGISTRATION" time="0.0" classname="com.OSMOSE.testcases.OULogin">
    <ignored/>
  </testcase> <!-- verifyDETAILSANDREGISTRATION -->
  <testcase name="verifyLiveEventsSTS" time="0.0" classname="com.OSMOSE.testcases.OULogin">
    <ignored/>
  </testcase> <!-- verifyLiveEventsSTS -->
  <testcase name="verifyOUCard" time="0.0" classname="com.OSMOSE.testcases.OULogin">
    <ignored/>
  </testcase> <!-- verifyOUCard -->
  <testcase name="verifyProductCard" time="0.0" classname="com.OSMOSE.testcases.OULogin">
    <ignored/>
  </testcase> <!-- verifyProductCard -->
  <testcase name="verifyLiveEventCLick" time="0.0" classname="com.OSMOSE.testcases.OULogin">
    <ignored/>
  </testcase> <!-- verifyLiveEventCLick -->
  <testcase name="verifyLiveEventsJUS" time="0.0" classname="com.OSMOSE.testcases.OULogin">
    <ignored/>
  </testcase> <!-- verifyLiveEventsJUS -->
  <testcase name="verifyVideoLinks" time="0.0" classname="com.OSMOSE.testcases.OULogin">
    <ignored/>
  </testcase> <!-- verifyVideoLinks -->
  <testcase name="verifyUpcomingWebinarsPage" time="0.0" classname="com.OSMOSE.testcases.OULogin">
    <ignored/>
  </testcase> <!-- verifyUpcomingWebinarsPage -->
  <testcase name="verifyLiveEventsWPTS" time="0.0" classname="com.OSMOSE.testcases.OULogin">
    <ignored/>
  </testcase> <!-- verifyLiveEventsWPTS -->
  <testcase name="verifyHyperlinks" time="0.0" classname="com.OSMOSE.testcases.OULogin">
    <ignored/>
  </testcase> <!-- verifyHyperlinks -->
  <testcase name="verifyOCalcClick" time="0.0" classname="com.OSMOSE.testcases.OULogin">
    <ignored/>
  </testcase> <!-- verifyOCalcClick -->
  <testcase name="verifyWebinarsClick" time="0.0" classname="com.OSMOSE.testcases.OULogin">
    <ignored/>
  </testcase> <!-- verifyWebinarsClick -->
  <testcase name="verifyOClacTrainingButton" time="0.0" classname="com.OSMOSE.testcases.OULogin">
    <ignored/>
  </testcase> <!-- verifyOClacTrainingButton -->
  <testcase name="loginTest" time="0.0" classname="com.OSMOSE.testcases.OULogin">
    <ignored/>
  </testcase> <!-- loginTest -->
  <testcase name="clickOnOuLink" time="0.0" classname="com.OSMOSE.testcases.OULogin">
    <ignored/>
  </testcase> <!-- clickOnOuLink -->
</testsuite> <!-- Default test -->
