<!DOCTYPE html PUBLIC "-//W3C//DTD XHTML 1.1//EN" "http://www.w3.org/TR/xhtml11/DTD/xhtml11.dtd">
<html xmlns="http://www.w3.org/1999/xhtml">
<head>
<meta http-equiv="content-type" content="text/html; charset=UTF-8"/>
<title>TestNG Report</title>
<style type="text/css">table {margin-bottom:10px;border-collapse:collapse;empty-cells:show}th,td {border:1px solid #009;padding:.25em .5em}th {vertical-align:bottom}td {vertical-align:top}table a {font-weight:bold}.stripe td {background-color: #E6EBF9}.num {text-align:right}.passedodd td {background-color: #3F3}.passedeven td {background-color: #0A0}.skippedodd td {background-color: #DDD}.skippedeven td {background-color: #CCC}.failedodd td,.attn {background-color: #F33}.failedeven td,.stripe .attn {background-color: #D00}.stacktrace {white-space:pre;font-family:monospace}.totop {font-size:85%;text-align:center;border-bottom:2px solid #000}.invisible {display:none}</style>
</head>
<body>
<table>
<tr><th>Test</th><th># Passed</th><th># Skipped</th><th># Retried</th><th># Failed</th><th>Time (ms)</th><th>Included Groups</th><th>Excluded Groups</th></tr>
<tr><th colspan="8">OSMOSE Test</th></tr>
<tr><td><a href="#t0">OULogin</a></td><td class="num">3</td><td class="num">0</td><td class="num">0</td><td class="num">0</td><td class="num">22,636</td><td></td><td></td></tr>
<tr class="stripe"><td><a href="#t1">Product</a></td><td class="num">1</td><td class="num attn">1</td><td class="num">0</td><td class="num attn">2</td><td class="num">155,637</td><td></td><td></td></tr>
<tr><th>Total</th><th class="num">4</th><th class="num attn">1</th><th class="num">0</th><th class="num attn">2</th><th class="num">178,273</th><th colspan="2"></th></tr>
</table>
<table id='summary'><thead><tr><th>Class</th><th>Method</th><th>Start</th><th>Time (ms)</th></tr></thead><tbody><tr><th colspan="4">OSMOSE Test</th></tr></tbody><tbody id="t0"><tr><th colspan="4">OULogin &#8212; passed</th></tr><tr class="passedeven"><td rowspan="3">com.OSMOSE.testcases.OULogin</td><td><a href="#m0">loginTest</a></td><td rowspan="1">1590757488141</td><td rowspan="1">17215</td></tr><tr class="passedeven"><td><a href="#m1">verifyOUCard</a></td><td rowspan="1">1590757506249</td><td rowspan="1">2935</td></tr><tr class="passedeven"><td><a href="#m2">verifyProductCard</a></td><td rowspan="1">1590757509908</td><td rowspan="1">50</td></tr></tbody>
<tbody id="t1"><tr><th colspan="4">Product &#8212; failed</th></tr><tr class="failedeven"><td rowspan="2">com.OSMOSE.testcases.Product</td><td><a href="#m3">FeaturedProductPoleRestoration</a></td><td rowspan="1">1590757586716</td><td rowspan="1">79122</td></tr><tr class="failedeven"><td><a href="#m4">verifyTheProductLink</a></td><td rowspan="1">1590757510769</td><td rowspan="1">50129</td></tr><tr><th colspan="4">Product &#8212; skipped</th></tr><tr class="skippedeven"><td rowspan="1">com.OSMOSE.testcases.Product</td><td><a href="#m5">searchElementPresent</a></td><td rowspan="1">1590757586662</td><td rowspan="1">0</td></tr><tr><th colspan="4">Product &#8212; passed</th></tr><tr class="passedeven"><td rowspan="1">com.OSMOSE.testcases.Product</td><td><a href="#m6">verifyTheProductCart</a></td><td rowspan="1">1590757561854</td><td rowspan="1">24275</td></tr></tbody>
</table>
<h2>OULogin</h2><h3 id="m0">com.OSMOSE.testcases.OULogin#loginTest</h3><table class="result"><tr class="param"><th>Parameter #1</th></tr><tr class="param stripe"><td>{password=Hyde@2317, runmode=Y, username=rajesh.yadav@centurylink.com}</td></tr><tr><th>Messages</th></tr><tr><td><div class="messages">Click to see Screenshot<br/><a target="_blank" href=Fri_May_29_18_35_05_IST_2020.jpg>Screenshot</a><br/><br><br/><br><br/><a target="_blank" href=Fri_May_29_18_35_05_IST_2020.jpg><img src=Fri_May_29_18_35_05_IST_2020.jpg height=200 width=200></img></a></div></td></tr></table><p class="totop"><a href="#summary">back to summary</a></p>
<h3 id="m1">com.OSMOSE.testcases.OULogin#verifyOUCard</h3><table class="result"><tr><th>Messages</th></tr><tr><td><div class="messages">Click to see Screenshot<br/><a target="_blank" href=Fri_May_29_18_35_09_IST_2020.jpg>Screenshot</a><br/><br><br/><br><br/><a target="_blank" href=Fri_May_29_18_35_09_IST_2020.jpg><img src=Fri_May_29_18_35_09_IST_2020.jpg height=200 width=200></img></a></div></td></tr></table><p class="totop"><a href="#summary">back to summary</a></p>
<h3 id="m2">com.OSMOSE.testcases.OULogin#verifyProductCard</h3><table class="result"><tr><th>Messages</th></tr><tr><td><div class="messages">Click to see Screenshot<br/><a target="_blank" href=Fri_May_29_18_35_10_IST_2020.jpg>Screenshot</a><br/><br><br/><br><br/><a target="_blank" href=Fri_May_29_18_35_10_IST_2020.jpg><img src=Fri_May_29_18_35_10_IST_2020.jpg height=200 width=200></img></a></div></td></tr></table><p class="totop"><a href="#summary">back to summary</a></p>
<h2>Product</h2><h3 id="m3">com.OSMOSE.testcases.Product#FeaturedProductPoleRestoration</h3><table class="result"><tr><th>Messages</th></tr><tr><td><div class="messages">Click to see Screenshot<br/><a target="_blank" href=Fri_May_29_18_37_46_IST_2020.jpg>Screenshot</a><br/><br><br/><br><br/><a target="_blank" href=Fri_May_29_18_37_46_IST_2020.jpg><img src=Fri_May_29_18_37_46_IST_2020.jpg height=200 width=200></img></a></div></td></tr><tr><th>Exception</th></tr><tr><td><div class="stacktrace">org.openqa.selenium.ElementNotInteractableException: element not interactable
  (Session info: chrome=81.0.4044.92)
Build info: version: &apos;3.14.0&apos;, revision: &apos;aacccce0&apos;, time: &apos;2018-08-02T20:19:58.91Z&apos;
System info: host: &apos;IND-5CG6191Y3W&apos;, ip: &apos;192.168.56.1&apos;, os.name: &apos;Windows 10&apos;, os.arch: &apos;amd64&apos;, os.version: &apos;10.0&apos;, java.version: &apos;1.8.0_161&apos;
Driver info: org.openqa.selenium.chrome.ChromeDriver
Capabilities {acceptInsecureCerts: false, browserName: chrome, browserVersion: 81.0.4044.92, chrome: {chromedriverVersion: 81.0.4044.69 (6813546031a4b..., userDataDir: C:\Windows\Temp\scoped_dir1...}, goog:chromeOptions: {debuggerAddress: localhost:56624}, javascriptEnabled: true, networkConnectionEnabled: false, pageLoadStrategy: none, platform: WINDOWS, platformName: WINDOWS, proxy: Proxy(), setWindowRect: true, strictFileInteractability: false, timeouts: {implicit: 0, pageLoad: 300000, script: 30000}, unhandledPromptBehavior: dismiss and notify, webauthn:virtualAuthenticators: true}
Session ID: d9d2967800a4f946cbffd3bdc14eb8e2
	at org.openqa.selenium.remote.http.W3CHttpResponseCodec.createException(W3CHttpResponseCodec.java:187)
	at org.openqa.selenium.remote.http.W3CHttpResponseCodec.decode(W3CHttpResponseCodec.java:122)
	at org.openqa.selenium.remote.http.W3CHttpResponseCodec.decode(W3CHttpResponseCodec.java:49)
	at org.openqa.selenium.remote.HttpCommandExecutor.execute(HttpCommandExecutor.java:158)
	at org.openqa.selenium.remote.service.DriverCommandExecutor.execute(DriverCommandExecutor.java:83)
	at org.openqa.selenium.remote.RemoteWebDriver.execute(RemoteWebDriver.java:548)
	at org.openqa.selenium.remote.RemoteWebElement.execute(RemoteWebElement.java:276)
	at org.openqa.selenium.remote.RemoteWebElement.click(RemoteWebElement.java:83)
	at com.OSMOSE.base.Page.click(Page.java:180)
	at com.OSMOSE.pages.OU.ProductPage.ProductPoleRestoration_3(ProductPage.java:95)
	at com.OSMOSE.testcases.Product.FeaturedProductPoleRestoration(Product.java:177)
	at java.util.ArrayList.forEach(Unknown Source)
... Removed 31 stack frames</div></td></tr></table><p class="totop"><a href="#summary">back to summary</a></p>
<h3 id="m4">com.OSMOSE.testcases.Product#verifyTheProductLink</h3><table class="result"><tr class="param"><th>Parameter #1</th></tr><tr class="param stripe"><td>{password=Hyde@2317, runmode=Y, username=rajesh.yadav@centurylink.com}</td></tr><tr><th>Messages</th></tr><tr><td><div class="messages">Click to see Screenshot<br/><a target="_blank" href=Fri_May_29_18_36_01_IST_2020.jpg>Screenshot</a><br/><br><br/><br><br/><a target="_blank" href=Fri_May_29_18_36_01_IST_2020.jpg><img src=Fri_May_29_18_36_01_IST_2020.jpg height=200 width=200></img></a></div></td></tr><tr><th>Exception</th></tr><tr><td><div class="stacktrace">org.openqa.selenium.NoSuchElementException: no such element: Unable to locate element: {&quot;method&quot;:&quot;xpath&quot;,&quot;selector&quot;:&quot;//div[@id=&apos;app&apos;]/div/div[2]/nav/a/div/img&quot;}
  (Session info: chrome=81.0.4044.92)
For documentation on this error, please visit: http://seleniumhq.org/exceptions/no_such_element.html
Build info: version: &apos;3.14.0&apos;, revision: &apos;aacccce0&apos;, time: &apos;2018-08-02T20:19:58.91Z&apos;
System info: host: &apos;IND-5CG6191Y3W&apos;, ip: &apos;192.168.56.1&apos;, os.name: &apos;Windows 10&apos;, os.arch: &apos;amd64&apos;, os.version: &apos;10.0&apos;, java.version: &apos;1.8.0_161&apos;
Driver info: org.openqa.selenium.chrome.ChromeDriver
Capabilities {acceptInsecureCerts: false, browserName: chrome, browserVersion: 81.0.4044.92, chrome: {chromedriverVersion: 81.0.4044.69 (6813546031a4b..., userDataDir: C:\Windows\Temp\scoped_dir1...}, goog:chromeOptions: {debuggerAddress: localhost:56624}, javascriptEnabled: true, networkConnectionEnabled: false, pageLoadStrategy: none, platform: WINDOWS, platformName: WINDOWS, proxy: Proxy(), setWindowRect: true, strictFileInteractability: false, timeouts: {implicit: 0, pageLoad: 300000, script: 30000}, unhandledPromptBehavior: dismiss and notify, webauthn:virtualAuthenticators: true}
Session ID: d9d2967800a4f946cbffd3bdc14eb8e2
*** Element info: {Using=xpath, value=//div[@id=&apos;app&apos;]/div/div[2]/nav/a/div/img}
	at org.openqa.selenium.remote.http.W3CHttpResponseCodec.createException(W3CHttpResponseCodec.java:187)
	at org.openqa.selenium.remote.http.W3CHttpResponseCodec.decode(W3CHttpResponseCodec.java:122)
	at org.openqa.selenium.remote.http.W3CHttpResponseCodec.decode(W3CHttpResponseCodec.java:49)
	at org.openqa.selenium.remote.HttpCommandExecutor.execute(HttpCommandExecutor.java:158)
	at org.openqa.selenium.remote.service.DriverCommandExecutor.execute(DriverCommandExecutor.java:83)
	at org.openqa.selenium.remote.RemoteWebDriver.execute(RemoteWebDriver.java:548)
	at org.openqa.selenium.remote.RemoteWebDriver.findElement(RemoteWebDriver.java:322)
	at org.openqa.selenium.remote.RemoteWebDriver.findElementByXPath(RemoteWebDriver.java:424)
	at org.openqa.selenium.By$ByXPath.findElement(By.java:353)
	at org.openqa.selenium.remote.RemoteWebDriver.findElement(RemoteWebDriver.java:314)
	at com.OSMOSE.base.Page.click(Page.java:180)
	at com.OSMOSE.pages.OU.ProductPage.clickOnOU360(ProductPage.java:13)
	at com.OSMOSE.testcases.Product.verifyTheProductLink(Product.java:20)
	at java.util.ArrayList.forEach(Unknown Source)
... Removed 31 stack frames</div></td></tr></table><p class="totop"><a href="#summary">back to summary</a></p>
<h3 id="m5">com.OSMOSE.testcases.Product#searchElementPresent</h3><table class="result"><tr><th>Exception</th></tr><tr><td><div class="stacktrace">java.lang.Throwable: Method Product.searchElementPresent()[pri:2, instance:com.OSMOSE.testcases.Product@5b1f29fa] depends on not successfully finished methods
	at java.util.ArrayList.forEach(Unknown Source)
... Removed 18 stack frames</div></td></tr></table><p class="totop"><a href="#summary">back to summary</a></p>
<h3 id="m6">com.OSMOSE.testcases.Product#verifyTheProductCart</h3><table class="result"><tr><th>Messages</th></tr><tr><td><div class="messages">Click to see Screenshot<br/><a target="_blank" href=Fri_May_29_18_36_26_IST_2020.jpg>Screenshot</a><br/><br><br/><br><br/><a target="_blank" href=Fri_May_29_18_36_26_IST_2020.jpg><img src=Fri_May_29_18_36_26_IST_2020.jpg height=200 width=200></img></a></div></td></tr></table><p class="totop"><a href="#summary">back to summary</a></p>
</body>
</html>
